<?xml version="1.0" encoding="UTF-8"?>
<!-- Generated by org.testng.reporters.JUnitReportReporter -->
<testsuite skipped="0" hostname="EC2AMAZ-M20LHDL" name="CucumberRunner.CucumberRunner" tests="1" failures="0" timestamp="06 Jan 2020 11:35:07 GMT" time="0.502" errors="0">
  <testcase name="runScenario" time="0.502" classname="CucumberRunner.CucumberRunner"/>
</testsuite> <!-- CucumberRunner.CucumberRunner -->
